Using pre-set license
Built from '2021.3/staging' branch; Version is '2021.3.21f1 (1b156197d683) revision 1774945'; Using compiler version '192829333'; Build Type 'Release'
OS: 'Windows 11  (10.0.22621) 64bit Professional' Language: 'ja' Physical Memory: 65349 MB
BatchMode: 1, IsHumanControllingUs: 0, StartBugReporterOnCrash: 0, Is64bit: 1, IsPro: 1

COMMAND LINE ARGUMENTS:
C:\Program Files\Unity\Hub\Editor\2021.3.21f1\Editor\Unity.exe
-adb2
-batchMode
-noUpm
-name
AssetImportWorker0
-projectPath
C:/Users/com/Documents/unichan/unitychan-crs-master
-logFile
Logs/AssetImportWorker0.log
-srvPort
51057
Successfully changed project path to: C:/Users/com/Documents/unichan/unitychan-crs-master
C:/Users/com/Documents/unichan/unitychan-crs-master
[UnityMemory] Configuration Parameters - Can be set up in boot.config
    "memorysetup-bucket-allocator-granularity=16"
    "memorysetup-bucket-allocator-bucket-count=8"
    "memorysetup-bucket-allocator-block-size=33554432"
    "memorysetup-bucket-allocator-block-count=8"
    "memorysetup-main-allocator-block-size=16777216"
    "memorysetup-thread-allocator-block-size=16777216"
    "memorysetup-gfx-main-allocator-block-size=16777216"
    "memorysetup-gfx-thread-allocator-block-size=16777216"
    "memorysetup-cache-allocator-block-size=4194304"
    "memorysetup-typetree-allocator-block-size=2097152"
    "memorysetup-profiler-bucket-allocator-granularity=16"
    "memorysetup-profiler-bucket-allocator-bucket-count=8"
    "memorysetup-profiler-bucket-allocator-block-size=33554432"
    "memorysetup-profiler-bucket-allocator-block-count=8"
    "memorysetup-profiler-allocator-block-size=16777216"
    "memorysetup-profiler-editor-allocator-block-size=1048576"
    "memorysetup-temp-allocator-size-main=16777216"
    "memorysetup-job-temp-allocator-block-size=2097152"
    "memorysetup-job-temp-allocator-block-size-background=1048576"
    "memorysetup-job-temp-allocator-reduction-small-platforms=262144"
    "memorysetup-temp-allocator-size-background-worker=32768"
    "memorysetup-temp-allocator-size-job-worker=262144"
    "memorysetup-temp-allocator-size-preload-manager=33554432"
    "memorysetup-temp-allocator-size-nav-mesh-worker=65536"
    "memorysetup-temp-allocator-size-audio-worker=65536"
    "memorysetup-temp-allocator-size-cloud-worker=32768"
    "memorysetup-temp-allocator-size-gi-baking-worker=262144"
    "memorysetup-temp-allocator-size-gfx=262144"
Player connection [22148] Host "[IP] 172.21.92.106 [Port] 0 [Flags] 2 [Guid] 2426679143 [EditorId] 2426679143 [Version] 1048832 [Id] WindowsEditor(7,302-38) [Debug] 1 [PackageName] WindowsEditor [ProjectName] Editor" joined multi-casting on [225.0.0.222:54997]...

Player connection [22148] Host "[IP] 172.21.92.106 [Port] 0 [Flags] 2 [Guid] 2426679143 [EditorId] 2426679143 [Version] 1048832 [Id] WindowsEditor(7,302-38) [Debug] 1 [PackageName] WindowsEditor [ProjectName] Editor" joined alternative multi-casting on [225.0.0.222:34997]...

Refreshing native plugins compatible for Editor in 26.86 ms, found 2 plugins.
Preloading 0 native plugins for Editor in 0.00 ms.
Initialize engine version: 2021.3.21f1 (1b156197d683)
[Subsystems] Discovering subsystems at path C:/Program Files/Unity/Hub/Editor/2021.3.21f1/Editor/Data/Resources/UnitySubsystems
[Subsystems] Discovering subsystems at path C:/Users/com/Documents/unichan/unitychan-crs-master/Assets
GfxDevice: creating device client; threaded=0; jobified=0
Direct3D:
    Version:  Direct3D 11.0 [level 11.1]
    Renderer: NVIDIA GeForce RTX 3070 (ID=0x2488)
    Vendor:   NVIDIA
    VRAM:     8032 MB
    Driver:   31.0.15.2849
Initialize mono
Mono path[0] = 'C:/Program Files/Unity/Hub/Editor/2021.3.21f1/Editor/Data/Managed'
Mono path[1] = 'C:/Program Files/Unity/Hub/Editor/2021.3.21f1/Editor/Data/MonoBleedingEdge/lib/mono/unityjit-win32'
Mono config path = 'C:/Program Files/Unity/Hub/Editor/2021.3.21f1/Editor/Data/MonoBleedingEdge/etc'
Using monoOptions --debugger-agent=transport=dt_socket,embedding=1,server=y,suspend=n,address=127.0.0.1:56116
Begin MonoManager ReloadAssembly
Registering precompiled unity dll's ...
Register platform support module: C:/Program Files/Unity/Hub/Editor/2021.3.21f1/Editor/Data/PlaybackEngines/AndroidPlayer/UnityEditor.Android.Extensions.dll
Register platform support module: C:/Program Files/Unity/Hub/Editor/2021.3.21f1/Editor/Data/PlaybackEngines/iOSSupport/UnityEditor.iOS.Extensions.dll
Register platform support module: C:/Program Files/Unity/Hub/Editor/2021.3.21f1/Editor/Data/PlaybackEngines/WindowsStandaloneSupport/UnityEditor.WindowsStandalone.Extensions.dll
Registered in 0.002799 seconds.
Native extension for WindowsStandalone target not found
[usbmuxd] Start listen thread
[usbmuxd] Listen thread started
[usbmuxd] Send listen message
Native extension for iOS target not found
Native extension for Android target not found
Android Extension - Scanning For ADB Devices 141 ms
Refreshing native plugins compatible for Editor in 24.78 ms, found 2 plugins.
Preloading 0 native plugins for Editor in 0.00 ms.
Mono: successfully reloaded assembly
- Completed reload, in  0.466 seconds
Domain Reload Profiling:
	ReloadAssembly (466ms)
		BeginReloadAssembly (43ms)
			ExecutionOrderSort (0ms)
			DisableScriptedObjects (0ms)
			BackupInstance (0ms)
			ReleaseScriptingObjects (0ms)
			CreateAndSetChildDomain (0ms)
		EndReloadAssembly (370ms)
			LoadAssemblies (43ms)
			RebuildTransferFunctionScriptingTraits (0ms)
			SetupTypeCache (56ms)
			ReleaseScriptCaches (0ms)
			RebuildScriptCaches (14ms)
			SetupLoadedEditorAssemblies (272ms)
				LogAssemblyErrors (0ms)
				InitializePlatformSupportModulesInManaged (180ms)
				SetLoadedEditorAssemblies (0ms)
				RefreshPlugins (25ms)
				BeforeProcessingInitializeOnLoad (1ms)
				ProcessInitializeOnLoadAttributes (45ms)
				ProcessInitializeOnLoadMethodAttributes (22ms)
				AfterProcessingInitializeOnLoad (0ms)
				EditorAssembliesLoaded (0ms)
			ExecutionOrderSort2 (0ms)
			AwakeInstancesAfterBackupRestoration (0ms)
Platform modules already initialized, skipping
Registering precompiled user dll's ...
Registered in 0.002384 seconds.
Begin MonoManager ReloadAssembly
Native extension for WindowsStandalone target not found
Native extension for iOS target not found
Native extension for Android target not found
Refreshing native plugins compatible for Editor in 0.39 ms, found 2 plugins.
Preloading 0 native plugins for Editor in 0.00 ms.
Mono: successfully reloaded assembly
- Completed reload, in  0.585 seconds
Domain Reload Profiling:
	ReloadAssembly (586ms)
		BeginReloadAssembly (62ms)
			ExecutionOrderSort (0ms)
			DisableScriptedObjects (3ms)
			BackupInstance (0ms)
			ReleaseScriptingObjects (0ms)
			CreateAndSetChildDomain (10ms)
		EndReloadAssembly (469ms)
			LoadAssemblies (45ms)
			RebuildTransferFunctionScriptingTraits (0ms)
			SetupTypeCache (138ms)
			ReleaseScriptCaches (0ms)
			RebuildScriptCaches (30ms)
			SetupLoadedEditorAssemblies (229ms)
				LogAssemblyErrors (0ms)
				InitializePlatformSupportModulesInManaged (15ms)
				SetLoadedEditorAssemblies (0ms)
				RefreshPlugins (0ms)
				BeforeProcessingInitializeOnLoad (33ms)
				ProcessInitializeOnLoadAttributes (104ms)
				ProcessInitializeOnLoadMethodAttributes (72ms)
				AfterProcessingInitializeOnLoad (4ms)
				EditorAssembliesLoaded (0ms)
			ExecutionOrderSort2 (0ms)
			AwakeInstancesAfterBackupRestoration (3ms)
Platform modules already initialized, skipping
========================================================================
Worker process is ready to serve import requests
Launched and connected shader compiler UnityShaderCompiler.exe after 0.04 seconds
Refreshing native plugins compatible for Editor in 0.70 ms, found 2 plugins.
Preloading 0 native plugins for Editor in 0.00 ms.
Unloading 2489 Unused Serialized files (Serialized files now loaded: 0)
Unloading 56 unused Assets / (344.3 KB). Loaded Objects now: 2933.
Memory consumption went from 107.7 MB to 107.4 MB.
Total: 3.850000 ms (FindLiveObjects: 0.127200 ms CreateObjectMapping: 0.034900 ms MarkObjects: 3.554800 ms  DeleteObjects: 0.132000 ms)

AssetImportParameters requested are different than current active one (requested -> active):
  custom:video-decoder-ogg-theora: a1e56fd34408186e4bbccfd4996cb3dc -> 
  custom:container-muxer-webm: aa71ff27fc2769a1b78a27578f13a17b -> 
  custom:container-demuxer-webm: 4f35f7cbe854078d1ac9338744f61a02 -> 
  custom:video-encoder-webm-vp8: eb34c28f22e8b96e1ab97ce403110664 -> 
  custom:video-codec-MediaFoundation-h265: 746d11721c4dcdbdad8f713fa42b33f4 -> 
  custom:audio-encoder-webm-vorbis: bf7c407c2cedff20999df2af8eb42d56 -> 
  custom:framework-win-MediaFoundation: 216162199b28c13a410421893ffa2e32 -> 
  custom:container-demuxer-ogg: 62fdf1f143b41e24485cea50d1cbac27 -> 
  custom:video-decoder-webm-vp8: 9c59270c3fd7afecdb556c50c9e8de78 -> 
  custom:audio-decoder-ogg-vorbis: bf7c407c2cedff20999df2af8eb42d56 -> 
========================================================================
Received Import Request.
  Time since last request: 1130.636082 seconds.
  path: Assets/Scenes
  artifactKey: Guid(4697a4acf66ef48c79b5ee17abf7a6a0) Importer(815301076,1909f56bfc062723c751e8b465ee728b)
Start importing Assets/Scenes using Guid(4697a4acf66ef48c79b5ee17abf7a6a0) Importer(815301076,1909f56bfc062723c751e8b465ee728b)  -> (artifact id: 'f09faf65b321f9f23aae4fda8b8b3ee5') in 0.003664 seconds 
========================================================================
Received Import Request.
  Time since last request: 0.072295 seconds.
  path: Assets/Scenes/PPSforCRS.asset
  artifactKey: Guid(53f63e4920d35ac4dbd19883d84c36d5) Importer(815301076,1909f56bfc062723c751e8b465ee728b)
Start importing Assets/Scenes/PPSforCRS.asset using Guid(53f63e4920d35ac4dbd19883d84c36d5) Importer(815301076,1909f56bfc062723c751e8b465ee728b)  -> (artifact id: '8c040013fa98d2a92017049a4665c606') in 0.016706 seconds 
========================================================================
Received Import Request.
  Time since last request: 2.744269 seconds.
  path: Assets/Scenes/Main.unity
  artifactKey: Guid(eac708282bd3644f08ee300328f7e486) Importer(815301076,1909f56bfc062723c751e8b465ee728b)
Start importing Assets/Scenes/Main.unity using Guid(eac708282bd3644f08ee300328f7e486) Importer(815301076,1909f56bfc062723c751e8b465ee728b)  -> (artifact id: '2a614bb13442a43b58161ebca8636333') in 0.001435 seconds 
========================================================================
Received Prepare
Registering precompiled user dll's ...
Registered in 0.002272 seconds.
Begin MonoManager ReloadAssembly
Native extension for WindowsStandalone target not found
Native extension for iOS target not found
Native extension for Android target not found
Refreshing native plugins compatible for Editor in 0.51 ms, found 2 plugins.
Preloading 0 native plugins for Editor in 0.00 ms.
Mono: successfully reloaded assembly
- Completed reload, in  0.571 seconds
Domain Reload Profiling:
	ReloadAssembly (572ms)
		BeginReloadAssembly (78ms)
			ExecutionOrderSort (0ms)
			DisableScriptedObjects (3ms)
			BackupInstance (0ms)
			ReleaseScriptingObjects (0ms)
			CreateAndSetChildDomain (19ms)
		EndReloadAssembly (442ms)
			LoadAssemblies (46ms)
			RebuildTransferFunctionScriptingTraits (0ms)
			SetupTypeCache (110ms)
			ReleaseScriptCaches (1ms)
			RebuildScriptCaches (39ms)
			SetupLoadedEditorAssemblies (212ms)
				LogAssemblyErrors (0ms)
				InitializePlatformSupportModulesInManaged (18ms)
				SetLoadedEditorAssemblies (0ms)
				RefreshPlugins (1ms)
				BeforeProcessingInitializeOnLoad (29ms)
				ProcessInitializeOnLoadAttributes (100ms)
				ProcessInitializeOnLoadMethodAttributes (62ms)
				AfterProcessingInitializeOnLoad (3ms)
				EditorAssembliesLoaded (0ms)
			ExecutionOrderSort2 (0ms)
			AwakeInstancesAfterBackupRestoration (3ms)
Platform modules already initialized, skipping
Refreshing native plugins compatible for Editor in 2.71 ms, found 2 plugins.
Preloading 0 native plugins for Editor in 0.00 ms.
Unloading 2440 Unused Serialized files (Serialized files now loaded: 0)
Unloading 45 unused Assets / (309.9 KB). Loaded Objects now: 2937.
Memory consumption went from 102.8 MB to 102.5 MB.
Total: 3.683800 ms (FindLiveObjects: 0.106700 ms CreateObjectMapping: 0.030700 ms MarkObjects: 3.483700 ms  DeleteObjects: 0.062200 ms)

AssetImportParameters requested are different than current active one (requested -> active):
  custom:video-decoder-ogg-theora: a1e56fd34408186e4bbccfd4996cb3dc -> 
  custom:container-muxer-webm: aa71ff27fc2769a1b78a27578f13a17b -> 
  custom:container-demuxer-webm: 4f35f7cbe854078d1ac9338744f61a02 -> 
  custom:video-encoder-webm-vp8: eb34c28f22e8b96e1ab97ce403110664 -> 
  custom:video-codec-MediaFoundation-h265: 746d11721c4dcdbdad8f713fa42b33f4 -> 
  custom:audio-encoder-webm-vorbis: bf7c407c2cedff20999df2af8eb42d56 -> 
  custom:framework-win-MediaFoundation: 216162199b28c13a410421893ffa2e32 -> 
  custom:container-demuxer-ogg: 62fdf1f143b41e24485cea50d1cbac27 -> 
  custom:video-decoder-webm-vp8: 9c59270c3fd7afecdb556c50c9e8de78 -> 
  custom:audio-decoder-ogg-vorbis: bf7c407c2cedff20999df2af8eb42d56 -> 
========================================================================
Received Import Request.
  Time since last request: 84.061703 seconds.
  path: Assets/UnityChanStage/Prefabs
  artifactKey: Guid(380abba94e2eb4cdb8d32cae83de4b4a) Importer(815301076,1909f56bfc062723c751e8b465ee728b)
Start importing Assets/UnityChanStage/Prefabs using Guid(380abba94e2eb4cdb8d32cae83de4b4a) Importer(815301076,1909f56bfc062723c751e8b465ee728b)  -> (artifact id: '2f9030cfe1ae786d219b1a10f9685f56') in 0.004463 seconds 
========================================================================
Received Import Request.
  Time since last request: 0.079726 seconds.
  path: Assets/UnityChanStage/Prefabs/Back Screen Camera Rig.prefab
  artifactKey: Guid(f468251a01e8242df8066e377619a712) Importer(815301076,1909f56bfc062723c751e8b465ee728b)
Start importing Assets/UnityChanStage/Prefabs/Back Screen Camera Rig.prefab using Guid(f468251a01e8242df8066e377619a712) Importer(815301076,1909f56bfc062723c751e8b465ee728b)  -> (artifact id: 'e1ccb99f2eec445a262ee07cf84e03c1') in 0.017431 seconds 
========================================================================
Received Import Request.
  Time since last request: 0.000013 seconds.
  path: Assets/UnityChanStage/Prefabs/Confetti.prefab
  artifactKey: Guid(db5cc803f9eaf4239ae82229a11bd471) Importer(815301076,1909f56bfc062723c751e8b465ee728b)
Start importing Assets/UnityChanStage/Prefabs/Confetti.prefab using Guid(db5cc803f9eaf4239ae82229a11bd471) Importer(815301076,1909f56bfc062723c751e8b465ee728b)  -> (artifact id: '9a39f3cc8ceee35284e8dd707c0e3266') in 0.003914 seconds 
========================================================================
Received Import Request.
  Time since last request: 0.000016 seconds.
  path: Assets/UnityChanStage/Prefabs/Visualizer.prefab
  artifactKey: Guid(0291ac2d4e1e54df6bfa4776e3683a24) Importer(815301076,1909f56bfc062723c751e8b465ee728b)
Start importing Assets/UnityChanStage/Prefabs/Visualizer.prefab using Guid(0291ac2d4e1e54df6bfa4776e3683a24) Importer(815301076,1909f56bfc062723c751e8b465ee728b)  -> (artifact id: '5b63ec00ebdadd935a0603a8b6a364db') in 0.183704 seconds 
========================================================================
Received Import Request.
  Time since last request: 0.000011 seconds.
  path: Assets/UnityChanStage/Prefabs/Confetti (light).prefab
  artifactKey: Guid(8165622c8f7a44ea4ac0e2b486fe2da0) Importer(815301076,1909f56bfc062723c751e8b465ee728b)
Start importing Assets/UnityChanStage/Prefabs/Confetti (light).prefab using Guid(8165622c8f7a44ea4ac0e2b486fe2da0) Importer(815301076,1909f56bfc062723c751e8b465ee728b)  -> (artifact id: '2d6e64e7ddd115f8eda1dc285638f2d7') in 0.002425 seconds 
========================================================================
Received Import Request.
  Time since last request: 0.000010 seconds.
  path: Assets/UnityChanStage/Prefabs/Main Camera Rig.prefab
  artifactKey: Guid(0f58e0fe394b24ed58b332f76fa9c423) Importer(815301076,1909f56bfc062723c751e8b465ee728b)
Start importing Assets/UnityChanStage/Prefabs/Main Camera Rig.prefab using Guid(0f58e0fe394b24ed58b332f76fa9c423) Importer(815301076,1909f56bfc062723c751e8b465ee728b)  -> (artifact id: '13bbb091b69ecf0713de1821f68288ec') in 0.006822 seconds 
========================================================================
Received Import Request.
  Time since last request: 47.970474 seconds.
  path: Assets/UniteInTheSky/Unite In The Sky (short).mp3
  artifactKey: Guid(5c5755c1198b5446395567d99e2759de) Importer(815301076,1909f56bfc062723c751e8b465ee728b)
Start importing Assets/UniteInTheSky/Unite In The Sky (short).mp3 using Guid(5c5755c1198b5446395567d99e2759de) Importer(815301076,1909f56bfc062723c751e8b465ee728b)  -> (artifact id: '47425138baca956d99c6dcab87443fe2') in 0.019881 seconds 
========================================================================
Received Import Request.
  Time since last request: 2.145206 seconds.
  path: Assets/UnityChan/Prefabs/CharacterLight.prefab
  artifactKey: Guid(c70aff9297e6d4e9fa6e82c0038ded02) Importer(815301076,1909f56bfc062723c751e8b465ee728b)
Start importing Assets/UnityChan/Prefabs/CharacterLight.prefab using Guid(c70aff9297e6d4e9fa6e82c0038ded02) Importer(815301076,1909f56bfc062723c751e8b465ee728b)  -> (artifact id: '57a994590fae2425192917fa7ac7b93d') in 0.002043 seconds 
Editor requested this worker to shutdown with reason: Scaling down because of idle timeout
AssetImportWorkerClient::OnTransportError - code=2 error=End of file
AssetImportWorker is now disconnected from the server
Process exiting
Exiting without the bug reporter. Application will terminate with return code 0